<?xml version="1.0" encoding="UTF-8"?>
<!-- Generated by org.testng.reporters.JUnitXMLReporter -->
<testsuite hostname="DESKTOP-AMSG348" ignored="0" name="Regression" tests="1" failures="1" timestamp="2019-12-22T13:49:17 IST" time="25.636" errors="0">
  <testcase name="snapdealTest" time="12.888" classname="dec_21.Test02">
    <failure type="java.lang.AssertionError" message="Page url doesnt match. expected [http://www.snapdeal.com] but found [https://www.snapdeal.com/]">
      <![CDATA[java.lang.AssertionError: Page url doesnt match. expected [http://www.snapdeal.com] but found [https://www.snapdeal.com/]
at dec_21.Test02.snapdealTest(Test02.java:26)
at java.util.ArrayList.forEach(Unknown Source)
... Removed 31 stack frames]]>
    </failure>
  </testcase> <!-- snapdealTest -->
</testsuite> <!-- Regression -->
